INFO [2016-10-17 17:56:40] Start
INFO [2016-10-17 17:56:41] Observe
INFO [2016-10-17 18:01:13] Start
INFO [2016-10-17 18:01:14] Observe
INFO [2016-10-17 18:02:28] Start
INFO [2016-10-17 18:02:29] Observe
INFO [2016-10-17 18:04:52] Start
INFO [2016-10-17 18:04:52] Observe
INFO [2016-10-17 18:09:07] Start
INFO [2016-10-17 18:09:08] Observe
INFO [2016-10-17 18:09:45] Start
INFO [2016-10-17 18:09:45] Observe
INFO [2016-10-17 18:10:42] Start
INFO [2016-10-17 18:10:43] Observe
INFO [2016-10-17 18:13:34] Start
INFO [2016-10-17 18:15:32] Start
INFO [2016-10-17 18:17:15] Start
INFO [2016-10-17 21:06:25] Start
INFO [2016-10-17 21:11:17] Start
INFO [2016-10-17 21:15:09] Start
INFO [2016-10-17 22:01:05] Start
INFO [2016-10-17 22:06:11] Start
INFO [2016-10-17 22:07:56] Start
INFO [2016-10-18 08:41:54] Start
INFO [2016-10-18 08:45:36] Start
INFO [2016-10-18 08:47:54] Start
INFO [2016-10-18 08:50:29] Start
INFO [2016-10-18 08:56:32] Start
INFO [2016-10-18 08:56:54] Event inetegral recived
INFO [2016-10-18 08:57:31] Event inetegral recived
INFO [2016-10-18 08:58:53] Start
INFO [2016-10-18 08:59:04] Event inetegral recived
INFO [2016-10-18 09:03:21] Start
INFO [2016-10-18 09:06:00] Start
INFO [2016-10-18 09:10:30] Start
INFO [2016-10-18 09:11:10] Start
INFO [2016-10-18 09:11:39] Start
INFO [2016-10-18 09:12:08] Start
INFO [2016-10-18 09:13:40] Start
INFO [2016-10-18 09:14:48] Start
INFO [2016-10-18 09:16:34] Start
INFO [2016-10-18 09:17:33] Start
INFO [2016-10-18 09:18:49] Start
INFO [2016-10-18 09:21:16] Start
INFO [2016-10-18 09:23:01] Start
INFO [2016-10-18 09:30:32] Start
INFO [2016-10-18 09:49:35] Start
INFO [2016-10-18 09:54:56] Start
INFO [2016-10-18 09:57:02] Start
INFO [2016-10-18 09:59:16] Start
INFO [2016-10-18 10:01:00] Start
INFO [2016-10-18 10:04:01] Start
INFO [2016-10-18 10:04:43] Start
INFO [2016-10-18 10:05:14] Start
INFO [2016-10-18 10:05:32] Start
INFO [2016-10-18 10:06:38] Start
INFO [2016-10-18 10:15:36] Start
INFO [2016-10-18 10:18:36] Start
INFO [2016-10-18 10:29:21] Start
INFO [2016-10-18 10:29:59] Start
INFO [2016-10-18 10:35:26] Start
INFO [2016-10-18 10:35:47] Start
INFO [2016-10-18 10:36:27] Start
INFO [2016-10-18 10:37:08] Start
INFO [2016-10-18 10:38:31] Start
INFO [2016-10-18 10:39:15] Start
INFO [2016-10-18 10:40:15] Start
INFO [2016-10-18 10:41:12] Start
INFO [2016-10-18 10:45:14] Start
INFO [2016-10-18 10:46:11] Start
INFO [2016-10-18 11:00:03] Start
INFO [2016-10-18 11:01:56] Start
INFO [2016-10-18 11:05:41] Start
INFO [2016-10-18 11:06:56] Start
INFO [2016-10-18 11:09:23] Start
INFO [2016-10-18 11:11:24] Start
INFO [2016-10-18 11:12:47] Start
INFO [2016-10-18 11:13:08] Event
INFO [2016-10-18 11:13:11] Event
INFO [2016-10-18 11:13:11] Event
INFO [2016-10-18 11:16:37] Start
INFO [2016-10-18 11:16:55] Event
INFO [2016-10-18 11:16:55] Integral1
INFO [2016-10-18 11:17:16] Event
INFO [2016-10-18 11:17:16] Integral2
INFO [2016-10-18 11:17:54] Start
INFO [2016-10-18 11:18:13] Event
INFO [2016-10-18 11:18:13] Integral1
INFO [2016-10-18 11:18:13] int1
INFO [2016-10-18 11:18:33] Event
INFO [2016-10-18 11:18:33] Integral2
INFO [2016-10-18 11:18:33] int2
INFO [2016-10-18 11:22:22] Start
INFO [2016-10-18 11:22:47] Event
INFO [2016-10-18 11:22:47] Integral1
INFO [2016-10-18 11:22:47] Event Integral 1
INFO [2016-10-18 11:23:02] Event
INFO [2016-10-18 11:23:02] Integral2
INFO [2016-10-18 11:23:02] Event Integral 2
INFO [2016-10-18 11:27:08] Start
INFO [2016-10-18 11:27:37] Event Integral 1
INFO [2016-10-18 11:27:56] Event Integral 2
INFO [2016-10-18 11:28:27] Event Integral 2
INFO [2016-10-18 12:01:36] Start
INFO [2016-10-18 12:02:01] Event Integral 1
INFO [2016-10-18 12:02:13] Event Integral 1
INFO [2016-10-18 12:02:26] Event Integral 2
INFO [2016-10-18 12:04:58] Start
INFO [2016-10-18 12:21:54] Start
INFO [2016-10-18 12:22:14] Event Integral 2
INFO [2016-10-18 12:22:30] Event Breakouts
INFO [2016-10-18 12:22:42] Event Integral 1
INFO [2016-10-18 12:22:47] Event Integral 1
INFO [2016-10-18 12:23:18] Event Integral 2
INFO [2016-10-18 12:23:37] Event Integral 2
INFO [2016-10-18 12:24:03] Event Integral 1
INFO [2016-10-18 12:24:45] Start
INFO [2016-10-18 12:25:12] Event Integral 1
INFO [2016-10-18 12:25:26] Event Integral 2
INFO [2016-10-18 12:27:04] Start
INFO [2016-10-18 12:27:41] Event Integral 2
INFO [2016-10-18 12:28:17] Event Breakouts
INFO [2016-10-18 12:28:38] Start
INFO [2016-10-18 12:29:00] Event Breakouts
INFO [2016-10-18 12:34:17] Start
INFO [2016-10-18 12:34:44] Event Breakouts
INFO [2016-10-18 12:35:42] Start
INFO [2016-10-18 12:36:04] Event Breakouts
INFO [2016-10-18 12:36:54] Start
INFO [2016-10-18 12:37:17] Event Breakouts
INFO [2016-10-18 12:37:49] Start
INFO [2016-10-18 12:38:07] Event Breakouts
INFO [2016-10-18 12:38:44] Start
INFO [2016-10-18 12:39:05] Event Breakouts
INFO [2016-10-18 12:43:05] Start
INFO [2016-10-18 12:43:24] Event Breakouts
INFO [2016-10-18 12:43:24] Break
INFO [2016-10-18 12:46:32] Start
INFO [2016-10-18 12:46:53] Event Breakouts
INFO [2016-10-18 12:47:49] Start
INFO [2016-10-18 12:48:09] Event Breakouts
INFO [2016-10-18 12:48:11] Event Breakouts
INFO [2016-10-18 12:48:11] Event Breakouts
INFO [2016-10-18 12:49:41] Start
INFO [2016-10-18 12:50:01] Event Breakouts
INFO [2016-10-18 12:50:22] Start
INFO [2016-10-18 12:50:39] Event Breakouts
INFO [2016-10-18 12:57:28] Start
INFO [2016-10-18 12:58:18] Start
INFO [2016-10-18 12:58:39] Event Breakouts
INFO [2016-10-18 12:59:37] Start
INFO [2016-10-18 13:00:08] Event Integral 2
INFO [2016-10-18 13:00:14] Event Integral 2
INFO [2016-10-18 13:00:19] Event Integral 2
INFO [2016-10-18 13:00:40] Event Integral 2
INFO [2016-10-18 13:00:55] Event Breakouts
INFO [2016-10-18 13:01:48] Start
INFO [2016-10-18 13:02:15] Event Integral 2
INFO [2016-10-18 13:02:23] Event Integral 2
INFO [2016-10-18 13:02:27] Event Integral 2
INFO [2016-10-18 13:04:56] Start
INFO [2016-10-18 13:05:56] Event Integral 2
INFO [2016-10-18 13:06:18] Event Integral 1
INFO [2016-10-18 13:06:27] Event Integral 2
INFO [2016-10-18 13:06:40] Event Integral 1
INFO [2016-10-18 13:06:46] Event Integral 2
INFO [2016-10-18 13:07:29] Start
INFO [2016-10-18 13:08:00] Event Integral 2
INFO [2016-10-18 13:08:23] Event Integral 1
INFO [2016-10-18 13:08:30] Event Integral 2
INFO [2016-10-18 13:08:45] Event Breakouts
INFO [2016-10-18 13:18:52] Start
INFO [2016-10-18 13:19:37] Event Integral 1
INFO [2016-10-18 13:19:53] Event Integral 2
INFO [2016-10-18 13:20:19] Event Integral 2
INFO [2016-10-18 13:20:42] Event Breakouts
INFO [2016-10-18 13:20:51] Event Integral 2
INFO [2016-10-18 13:21:48] Start
INFO [2016-10-18 13:22:10] Event Integral 2
INFO [2016-10-18 13:22:21] Event Integral 2
INFO [2016-10-18 13:22:42] Event Integral 1
INFO [2016-10-18 13:22:50] Event Integral 2
INFO [2016-10-18 13:23:13] Event Breakouts
INFO [2016-10-18 13:25:26] Start
INFO [2016-10-18 13:25:54] Event Integral 1
INFO [2016-10-18 13:26:12] Event Integral 2
INFO [2016-10-18 13:26:34] Event Breakouts
INFO [2016-10-18 13:26:50] Event Integral 2
INFO [2016-10-18 13:29:37] Start
INFO [2016-10-18 21:04:54] Start
INFO [2016-10-18 21:05:28] Event Integral 2
INFO [2016-10-18 21:05:31] Event Integral 2
INFO [2016-10-18 21:05:33] Event Integral 2
INFO [2016-10-18 21:05:34] Event Integral 2
INFO [2016-10-18 21:05:35] Event Integral 2
INFO [2016-10-18 21:05:56] Event Breakouts
INFO [2016-10-18 21:07:58] Start
INFO [2016-10-18 21:08:19] Event Breakouts
INFO [2016-10-18 21:09:25] Start
INFO [2016-10-18 21:09:50] Event Integral 1
INFO [2016-10-18 21:10:04] Event Breakouts
INFO [2016-10-18 21:13:04] Start
INFO [2016-10-18 21:13:27] Event Integral 1
INFO [2016-10-18 21:13:38] Event Integral 1
INFO [2016-10-18 21:13:51] Event Breakouts
INFO [2016-10-18 21:14:41] Start
INFO [2016-10-18 21:15:07] Event Integral 1
INFO [2016-10-18 21:15:15] Event Integral 1
INFO [2016-10-18 21:15:35] Event Breakouts
INFO [2016-10-18 21:19:04] Start
INFO [2016-10-18 21:19:26] Event Breakouts
INFO [2016-10-18 21:20:27] Start
INFO [2016-10-18 21:20:51] Event Integral 2
INFO [2016-10-18 21:32:51] Start
INFO [2016-10-18 21:33:25] Event Integral 2
INFO [2016-10-18 21:36:31] Start
INFO [2016-10-18 21:36:54] Event Integral 2
INFO [2016-10-18 21:47:54] Start
INFO [2016-10-18 21:48:14] Event Integral 1
INFO [2016-10-18 21:48:54] Event Integral 2
INFO [2016-10-18 21:49:53] Start
INFO [2016-10-18 21:50:19] Event Integral 1
INFO [2016-10-18 21:50:34] Event Breakouts
INFO [2016-10-18 21:51:26] Event Integral 2
INFO [2016-10-18 21:53:16] Start
INFO [2016-10-18 21:53:34] Event Integral 1
INFO [2016-10-18 21:54:16] Start
INFO [2016-10-18 21:54:37] Event Integral 2
INFO [2016-10-18 21:55:17] Event Integral 1
INFO [2016-10-18 21:56:39] Start
INFO [2016-10-18 21:56:59] Event Integral 2
INFO [2016-10-18 21:57:23] Start
INFO [2016-10-18 21:57:39] Event Integral 1
INFO [2016-10-18 22:00:22] Start
INFO [2016-10-18 22:01:58] Start
INFO [2016-10-18 22:03:04] Start
INFO [2016-10-18 22:03:26] Event Integral 2
INFO [2016-10-18 22:04:09] Start
INFO [2016-10-18 22:04:58] Start
INFO [2016-10-18 22:05:38] Start
INFO [2016-10-18 22:06:33] Start
INFO [2016-10-19 11:03:40] Start
INFO [2016-10-19 11:04:07] Event Integral 2
INFO [2016-10-19 11:04:28] Event Integral 1
INFO [2016-10-19 11:04:44] Event Integral 2
INFO [2016-10-19 11:04:56] Start
INFO [2016-10-19 11:05:18] Event Integral 2
INFO [2016-10-19 11:05:31] Event Integral 2
INFO [2016-10-19 11:05:34] Event Integral 2
INFO [2016-10-19 11:05:47] Event Integral 1
INFO [2016-10-19 11:05:56] Event Integral 2
INFO [2016-10-19 11:06:12] Event Integral 2
INFO [2016-10-19 11:06:16] Event Integral 2
INFO [2016-10-19 11:06:29] Event Integral 2
INFO [2016-10-19 11:06:52] Event Integral 2
INFO [2016-10-19 11:06:55] Event Integral 2
INFO [2016-10-19 11:07:05] Event Integral 1
INFO [2016-10-19 11:07:13] Event Integral 2
INFO [2016-10-19 11:26:34] Start
INFO [2016-10-19 11:27:03] Event Integral 2
INFO [2016-10-19 11:27:32] Event Integral 1
INFO [2016-10-19 11:27:38] Event Integral 2
INFO [2016-10-19 11:29:12] Start
INFO [2016-10-19 11:29:41] Event Integral 2
INFO [2016-10-19 11:29:57] Event Integral 1
INFO [2016-10-19 11:34:35] Start
INFO [2016-10-19 11:34:58] Event Integral 2
INFO [2016-10-19 11:35:28] Event Integral 2
INFO [2016-10-19 11:35:44] Event Integral 2
INFO [2016-10-19 11:35:56] Event Integral 2
INFO [2016-10-19 11:36:03] Event Integral 2
INFO [2016-10-19 11:36:10] Event Integral 2
INFO [2016-10-19 11:36:42] Event Breakouts
INFO [2016-10-19 11:39:17] Start
INFO [2016-10-19 11:39:43] Event Breakouts
INFO [2016-10-19 11:40:55] Start
INFO [2016-10-19 11:41:14] Event Breakouts
INFO [2016-10-19 11:42:05] Start
INFO [2016-10-19 11:42:23] Event Breakouts
INFO [2016-10-19 12:19:36] Start
INFO [2016-10-19 12:20:02] Event Breakouts
INFO [2016-10-19 12:24:46] Start
INFO [2016-10-19 12:25:58] Event Breakouts
INFO [2016-10-19 12:32:19] Start
INFO [2016-10-19 12:32:39] Event Breakouts
INFO [2016-10-19 12:33:30] Start
INFO [2016-10-19 12:34:02] Event Breakouts
INFO [2016-10-19 12:35:35] Start
INFO [2016-10-19 12:35:55] Event Breakouts
INFO [2016-10-19 12:37:02] Start
INFO [2016-10-19 12:37:22] Event Breakouts
INFO [2016-10-19 12:38:48] Start
INFO [2016-10-19 12:39:14] Event Breakouts
INFO [2016-10-19 13:39:47] Start
INFO [2016-10-19 13:41:29] Event Analysis
INFO [2016-10-19 13:46:41] Start
INFO [2016-10-19 13:47:00] Start
INFO [2016-10-19 13:47:27] Start
INFO [2016-10-19 13:47:51] Start
INFO [2016-10-19 13:48:36] Start
INFO [2016-10-19 13:48:58] Event Analysis
INFO [2016-10-19 13:51:05] Start
INFO [2016-10-19 13:51:33] Event Integral 2
INFO [2016-10-19 13:51:46] Event Analysis
INFO [2016-10-19 13:51:47] Event Analysis
INFO [2016-10-19 13:51:48] Event Analysis
INFO [2016-10-19 13:53:05] Start
INFO [2016-10-19 13:53:30] Event Integral 2
INFO [2016-10-19 13:54:11] Start
INFO [2016-10-19 13:54:44] Event Integral 2
INFO [2016-10-19 13:57:57] Start
INFO [2016-10-19 13:58:21] Event Integral 2
INFO [2016-10-19 13:58:49] Event Analysis
INFO [2016-10-19 13:59:14] Start
INFO [2016-10-19 13:59:37] Event Integral 2
INFO [2016-10-19 14:00:41] Event Analysis
INFO [2016-10-19 14:00:42] Event Analysis
INFO [2016-10-19 14:00:43] Event Analysis
INFO [2016-10-19 14:02:35] Start
INFO [2016-10-19 14:02:55] Event Analysis
INFO [2016-10-19 14:03:43] Start
INFO [2016-10-19 14:04:01] Event Analysis
INFO [2016-10-19 14:16:00] Start
INFO [2016-10-19 14:16:26] Event Integral 2
INFO [2016-10-19 14:17:02] Event Analysis
INFO [2016-10-19 14:20:54] Start
INFO [2016-10-19 14:21:10] Event Analysis
INFO [2016-10-19 14:22:38] Start
INFO [2016-10-19 14:23:05] Event Analysis
INFO [2016-10-19 14:25:05] Start
INFO [2016-10-19 14:25:30] Event Analysis
INFO [2016-10-19 14:25:56] Start
INFO [2016-10-19 14:26:17] Event Analysis
INFO [2016-10-19 14:27:34] Start
INFO [2016-10-19 14:27:56] Event Analysis
INFO [2016-10-19 14:29:00] Event Analysis
INFO [2016-10-19 14:32:29] Start
INFO [2016-10-19 14:34:22] Event Analysis
INFO [2016-10-19 14:36:55] Event Integral 2
INFO [2016-10-19 14:54:47] Start
INFO [2016-10-19 14:55:35] Event Analysis
INFO [2016-10-19 14:55:37] Event Analysis
INFO [2016-10-19 14:55:53] Start
INFO [2016-10-19 14:56:17] Event Integral 1
INFO [2016-10-19 14:56:33] Event Analysis
INFO [2016-10-19 14:59:49] Start
INFO [2016-10-19 15:01:37] Event Integral 2
INFO [2016-10-19 15:03:57] Start
INFO [2016-10-19 15:04:16] Event Analysis
INFO [2016-10-19 15:05:09] Start
INFO [2016-10-19 15:05:44] Event Integral 2
INFO [2016-10-19 15:13:12] Start
INFO [2016-10-19 15:14:09] Start
INFO [2016-10-19 15:16:33] Start
INFO [2016-10-19 15:17:01] Start
INFO [2016-10-19 15:18:42] Start
INFO [2016-10-19 15:18:58] Start
INFO [2016-10-19 15:20:01] Start
INFO [2016-10-19 15:20:28] Event Integral 2
INFO [2016-10-19 15:21:01] Event Integral 2
INFO [2016-10-19 15:21:15] Event Integral 2
INFO [2016-10-19 17:43:17] Start
INFO [2016-10-19 17:44:00] Event Integral 2
INFO [2016-10-20 12:45:46] Start
INFO [2016-10-20 12:46:59] Event Integral 2
INFO [2016-10-20 12:49:10] Event Integral 2
INFO [2016-10-20 12:50:35] Event Integral 2
INFO [2016-10-20 12:51:45] Event Integral 2
INFO [2016-10-20 12:59:27] Event Analysis
INFO [2016-10-20 13:11:35] Start
INFO [2016-10-20 13:14:28] Event Analysis
INFO [2016-10-20 13:14:58] Event Analysis
INFO [2016-10-20 13:15:31] Event Analysis
INFO [2016-10-20 13:16:19] Event Analysis
INFO [2016-10-20 13:23:54] Start
INFO [2016-10-20 13:24:16] Event Analysis
INFO [2016-10-20 13:32:53] Event Analysis
INFO [2016-10-20 13:48:40] Event Analysis
INFO [2016-10-20 14:22:53] Start
INFO [2016-10-20 14:23:14] Start
INFO [2016-10-20 14:23:51] Event Integral 2
INFO [2016-10-20 14:24:01] Event Integral 2
INFO [2016-10-20 14:25:16] Event Integral 2
INFO [2016-10-20 14:25:32] Event Integral 2
INFO [2016-10-20 14:25:46] Event Integral 2
INFO [2016-10-20 14:29:43] Start
INFO [2016-10-20 14:30:17] Event Integral 2
INFO [2016-10-20 14:30:19] Event Integral 2
INFO [2016-10-20 14:30:50] Start
INFO [2016-10-20 14:31:22] Event Integral 2
INFO [2016-10-20 14:31:59] Start
INFO [2016-10-20 14:32:27] Event Integral 2
INFO [2016-10-20 14:32:39] Event Integral 2
INFO [2016-10-20 14:32:48] Event Integral 2
INFO [2016-10-20 14:32:52] Event Integral 2
INFO [2016-10-20 14:32:59] Event Integral 2
INFO [2016-10-20 14:34:02] Start
INFO [2016-10-20 14:34:33] Event Integral 2
INFO [2016-10-20 14:34:40] Event Integral 2
INFO [2016-10-20 14:34:49] Event Integral 2
INFO [2016-10-20 14:35:36] Event Integral 2
INFO [2016-10-20 14:35:53] Event Integral 2
INFO [2016-10-20 14:36:08] Event Integral 2
INFO [2016-10-20 14:36:29] Event Integral 2
INFO [2016-10-20 14:36:46] Event Integral 2
INFO [2016-10-20 14:44:33] Start
INFO [2016-10-20 14:45:03] Event Integral 2
INFO [2016-10-20 14:45:28] Event Integral 2
INFO [2016-10-20 14:46:31] Start
INFO [2016-10-20 14:47:02] Event Integral 2
INFO [2016-10-20 14:48:55] Start
INFO [2016-10-20 14:49:23] Event Integral 2
INFO [2016-10-20 14:49:50] Start
INFO [2016-10-20 14:50:15] Event Integral 2
INFO [2016-10-20 14:50:25] Event Integral 2
INFO [2016-10-20 14:51:56] Start
INFO [2016-10-20 14:52:24] Event Integral 2
INFO [2016-10-20 14:52:52] Event Integral 2
INFO [2016-10-20 14:57:29] Start
INFO [2016-10-20 14:57:55] Event Integral 2
INFO [2016-10-20 14:58:12] Event Analysis
INFO [2016-10-20 14:58:42] Event Integral 2
INFO [2016-10-20 14:59:13] Event Analysis
INFO [2016-10-20 15:05:54] Start
INFO [2016-10-20 15:06:14] Start
INFO [2016-10-20 15:07:36] Start
INFO [2016-10-20 15:08:06] Start
INFO [2016-10-20 15:08:33] Event Integral 2
INFO [2016-10-20 15:09:07] Event Analysis
INFO [2016-10-20 15:09:20] Event Integral 2
INFO [2016-10-20 15:12:43] Start
INFO [2016-10-20 15:13:30] Start
INFO [2016-10-20 15:14:01] Event Integral 2
INFO [2016-10-20 15:14:38] Event Analysis
INFO [2016-10-20 15:15:27] Event Analysis
INFO [2016-10-20 15:37:55] Start
INFO [2016-10-20 15:38:21] Event Analysis
INFO [2016-10-20 15:38:34] Event Integral 2
INFO [2016-10-20 15:38:40] Event Integral 2
INFO [2016-10-20 15:41:06] Start
INFO [2016-10-20 15:41:25] Event Analysis
INFO [2016-10-20 15:41:47] Start
INFO [2016-10-20 15:42:00] Event Analysis
INFO [2016-10-20 15:43:34] Start
INFO [2016-10-20 15:43:47] Event Analysis
INFO [2016-10-20 15:44:32] Start
INFO [2016-10-20 15:45:17] Event Analysis
INFO [2016-10-20 15:47:15] Start
INFO [2016-10-20 15:47:27] Event Analysis
INFO [2016-10-20 15:48:44] Start
INFO [2016-10-20 15:49:01] Event Analysis
INFO [2016-10-20 15:59:50] Start
INFO [2016-10-20 16:00:05] Event Analysis
INFO [2016-10-20 16:01:18] Start
INFO [2016-10-20 16:01:39] Event Analysis
INFO [2016-10-20 16:02:24] Start
INFO [2016-10-20 16:02:37] Event Analysis
INFO [2016-10-20 16:08:30] Start
INFO [2016-10-20 16:08:43] Event Analysis
INFO [2016-10-20 16:09:06] Start
INFO [2016-10-20 16:09:18] Event Analysis
INFO [2016-10-20 16:19:07] Start
INFO [2016-10-20 16:19:26] Event Analysis
INFO [2016-10-20 16:19:46] Event Analysis
INFO [2016-10-20 16:20:16] Event Analysis
INFO [2016-10-20 16:26:59] Event Analysis
INFO [2016-10-20 16:27:41] Event Analysis
INFO [2016-10-20 16:40:34] Start
INFO [2016-10-20 16:40:54] Event Analysis
INFO [2016-10-20 16:42:49] Start
INFO [2016-10-20 16:43:06] Event Analysis
INFO [2016-10-20 16:43:36] Event Analysis
INFO [2016-10-20 16:46:59] Start
INFO [2016-10-20 16:47:17] Event Analysis
INFO [2016-10-20 16:49:37] Start
INFO [2016-10-20 16:49:56] Event Analysis
INFO [2016-10-20 16:50:10] Start
INFO [2016-10-20 16:50:34] Event Analysis
INFO [2016-10-20 16:51:32] Event Analysis
INFO [2016-10-20 17:00:34] Start
INFO [2016-10-20 17:00:55] Event Analysis
INFO [2016-10-20 17:02:31] Start
INFO [2016-10-20 17:02:49] Event Analysis
INFO [2016-10-20 17:03:48] Event Analysis
INFO [2016-10-20 17:08:58] Start
INFO [2016-10-20 17:09:22] Event Integral 2
INFO [2016-10-20 17:10:24] Event Integral 2
INFO [2016-10-20 17:11:49] Event Integral 2
INFO [2016-10-20 17:14:17] Start
INFO [2016-10-20 17:15:03] Event Analysis
INFO [2016-10-20 17:17:54] Event Analysis
INFO [2016-10-20 17:18:28] Event Analysis
INFO [2016-10-20 17:18:47] Event Analysis
INFO [2016-10-20 17:19:10] Event Analysis
INFO [2016-10-20 17:19:57] Event Analysis
INFO [2016-10-20 17:20:15] Event Analysis
INFO [2016-10-20 17:27:50] Start
INFO [2016-10-20 17:28:48] Event Analysis
INFO [2016-10-20 17:30:13] Start
INFO [2016-10-20 17:30:31] Event Analysis
INFO [2016-10-20 17:31:24] Start
INFO [2016-10-20 17:31:41] Event Analysis
INFO [2016-10-20 17:31:50] Event Analysis
INFO [2016-10-20 17:31:53] Event Analysis
INFO [2016-10-20 17:32:22] Start
INFO [2016-10-20 17:32:39] Event Analysis
INFO [2016-10-20 17:33:15] Start
INFO [2016-10-20 17:33:38] Event Analysis
INFO [2016-10-20 17:34:45] Start
INFO [2016-10-20 17:35:03] Event Analysis
INFO [2016-10-20 17:36:33] Start
INFO [2016-10-20 17:36:50] Event Analysis
INFO [2016-10-20 17:37:24] Start
INFO [2016-10-20 17:37:41] Event Analysis
INFO [2016-10-20 17:38:03] Event Analysis
INFO [2016-10-20 17:38:40] Start
INFO [2016-10-20 17:38:58] Event Analysis
INFO [2016-10-20 17:40:13] Start
INFO [2016-10-20 17:40:49] Event Analysis
INFO [2016-10-20 17:42:27] Start
INFO [2016-10-20 17:42:45] Event Analysis
INFO [2016-10-20 17:44:13] Start
INFO [2016-10-20 17:44:29] Event Analysis
INFO [2016-10-20 17:52:54] Event Integral 2
INFO [2016-10-20 18:03:46] Start
INFO [2016-10-20 18:04:09] Event Analysis
INFO [2016-10-20 18:05:44] Start
INFO [2016-10-20 18:06:03] Event Analysis
INFO [2016-10-20 18:06:59] Start
INFO [2016-10-20 18:07:15] Event Analysis
INFO [2016-10-20 18:07:38] Event Analysis
INFO [2016-10-20 18:10:15] Event Analysis
INFO [2016-10-20 18:16:08] Start
INFO [2016-10-20 18:16:31] Event Analysis
INFO [2016-10-20 19:45:04] Start
INFO [2016-10-20 19:45:27] Event Analysis
INFO [2016-10-20 19:47:36] Event Analysis
INFO [2016-10-20 19:50:29] Event Analysis
INFO [2016-10-20 19:50:36] Event Analysis
INFO [2016-10-20 19:53:33] Event Analysis
INFO [2016-10-20 19:53:40] Event Analysis
INFO [2016-10-20 19:53:48] Event Analysis
INFO [2016-10-20 19:55:02] Event Analysis
INFO [2016-10-20 21:18:37] Start
INFO [2016-10-20 21:18:57] Event Analysis
INFO [2016-10-20 21:22:22] Start
INFO [2016-10-20 21:22:56] Event Analysis
INFO [2016-10-20 21:23:36] Start
INFO [2016-10-20 21:23:54] Event Analysis
INFO [2016-10-20 21:30:40] Event Analysis
INFO [2016-10-20 21:31:12] Event Analysis
INFO [2016-10-20 21:34:02] Start
INFO [2016-10-20 21:34:25] Event Analysis
INFO [2016-10-20 21:34:44] Start
INFO [2016-10-20 21:35:01] Event Analysis
INFO [2016-10-20 21:36:01] Event Analysis
INFO [2016-10-20 21:37:24] Start
INFO [2016-10-20 21:37:41] Event Analysis
INFO [2016-10-20 21:38:50] Event Analysis
INFO [2016-10-20 21:42:22] Start
INFO [2016-10-20 21:42:43] Event Analysis
INFO [2016-10-20 21:43:30] Start
INFO [2016-10-20 21:43:47] Event Analysis
INFO [2016-10-20 21:44:52] Event Analysis
INFO [2016-10-20 21:45:25] Event Analysis
INFO [2016-10-20 21:45:36] Event Analysis
INFO [2016-10-20 21:46:34] Event Analysis
INFO [2016-10-20 21:49:04] Start
INFO [2016-10-20 21:49:22] Event Analysis
INFO [2016-10-20 21:49:43] Event Analysis
INFO [2016-10-20 21:53:22] Event Analysis
INFO [2016-10-20 21:54:01] Event Analysis
INFO [2016-10-20 21:54:37] Event Analysis
INFO [2016-10-20 21:55:13] Event Analysis
INFO [2016-10-21 12:26:31] Start
INFO [2016-10-21 12:27:08] Event Analysis
INFO [2016-10-21 12:40:02] Start
INFO [2016-10-21 12:40:24] Event Analysis
INFO [2016-10-21 12:40:58] Start
INFO [2016-10-21 12:41:48] Event Analysis
INFO [2016-10-21 12:42:03] Event Analysis
INFO [2016-10-21 12:42:09] Event Analysis
INFO [2016-10-21 12:42:15] Event Analysis
INFO [2016-10-21 12:45:06] Start
INFO [2016-10-21 12:45:25] Event Analysis
INFO [2016-10-21 12:51:41] Start
INFO [2016-10-21 12:52:02] Event Analysis
INFO [2016-10-21 12:53:20] Start
INFO [2016-10-21 12:53:36] Event Analysis
INFO [2016-10-21 12:55:50] Start
INFO [2016-10-21 12:56:08] Event Analysis
INFO [2016-10-21 14:48:19] Start
INFO [2016-10-21 14:51:13] Start
INFO [2016-10-21 14:52:17] Start
INFO [2016-10-21 14:53:50] Start
INFO [2016-10-21 14:54:51] Start
INFO [2016-10-21 14:55:41] Start
INFO [2016-10-21 14:58:41] Start
INFO [2016-10-21 15:05:14] Start
INFO [2016-10-21 15:06:16] Start
INFO [2016-10-21 15:20:22] Start
INFO [2016-10-21 15:21:12] Start
INFO [2016-10-21 15:23:42] Start
INFO [2016-10-21 15:24:31] Start
INFO [2016-10-21 15:25:33] Start
INFO [2016-10-21 15:26:13] Start
INFO [2016-10-21 15:27:49] Start
INFO [2016-10-21 15:28:42] Start
INFO [2016-10-21 15:29:15] Start
INFO [2016-10-21 15:33:16] Start
INFO [2016-10-21 15:35:13] Start
INFO [2016-10-21 15:38:51] Start
INFO [2016-10-21 15:43:06] Start
INFO [2016-10-21 15:43:25] Start
INFO [2016-10-21 15:43:53] Start
INFO [2016-10-21 15:47:25] Start
INFO [2016-10-21 15:47:45] Start
INFO [2016-10-21 15:48:45] Start
INFO [2016-10-21 15:53:08] Start
INFO [2016-10-21 15:55:05] Start
INFO [2016-10-21 15:55:39] Start
INFO [2016-10-21 15:55:55] Start
INFO [2016-10-21 15:57:45] Start
INFO [2016-10-21 15:58:15] Start
INFO [2016-10-21 15:59:32] Start
INFO [2016-10-21 16:01:33] Start
INFO [2016-10-21 16:02:17] Start
INFO [2016-10-21 16:03:54] Start
INFO [2016-10-21 16:04:34] Start
INFO [2016-10-21 16:05:22] Start
INFO [2016-10-21 16:07:19] Start
INFO [2016-10-21 16:08:40] Start
INFO [2016-10-21 16:09:07] Start
INFO [2016-10-21 16:14:04] Start
INFO [2016-10-21 16:15:02] Start
INFO [2016-10-21 16:16:57] Start
INFO [2016-10-21 16:26:09] Start
INFO [2016-10-21 16:28:06] Start
INFO [2016-10-21 16:28:58] Start
INFO [2016-10-21 16:29:36] Start
INFO [2016-10-21 16:30:18] Start
INFO [2016-10-21 16:31:07] Start
INFO [2016-10-21 16:32:52] Start
INFO [2016-10-21 16:35:25] Start
INFO [2016-10-21 16:36:24] Start
INFO [2016-10-21 16:36:59] Start
INFO [2016-10-21 16:38:54] Start
INFO [2016-10-21 16:39:40] Start
INFO [2016-10-21 16:40:23] Start
INFO [2016-10-21 16:41:49] Start
INFO [2016-10-21 16:42:54] Start
INFO [2016-10-21 16:44:30] Start
INFO [2016-10-21 16:44:52] Start
INFO [2016-10-21 16:46:00] Start
INFO [2016-10-21 16:46:47] Start
INFO [2016-10-21 16:47:19] Start
INFO [2016-10-21 16:48:27] Start
INFO [2016-10-21 16:48:49] Start
INFO [2016-10-21 16:49:30] Start
INFO [2016-10-21 16:49:56] Start
INFO [2016-10-21 16:50:19] Start
INFO [2016-10-21 16:50:40] Start
INFO [2016-10-21 16:52:16] Start
INFO [2016-10-21 16:53:04] Start
INFO [2016-10-21 16:53:53] Start
INFO [2016-10-21 16:54:42] Start
INFO [2016-10-21 16:55:08] Start
INFO [2016-10-21 16:57:07] Start
INFO [2016-10-21 16:57:59] Start
INFO [2016-10-21 16:58:41] Start
INFO [2016-10-21 16:59:28] Start
INFO [2016-10-21 17:00:22] Start
INFO [2016-10-21 17:00:59] Start
INFO [2016-10-21 17:02:06] Start
INFO [2016-10-21 17:03:08] Start
INFO [2016-10-21 17:04:23] Start
INFO [2016-10-21 17:05:58] Start
INFO [2016-10-21 17:08:57] Start
INFO [2016-10-21 17:09:31] Start
INFO [2016-10-21 17:10:28] Start
INFO [2016-10-21 17:11:30] Start
INFO [2016-10-21 17:17:13] Start
INFO [2016-10-21 17:17:42] Start
INFO [2016-10-21 17:19:02] Start
INFO [2016-10-21 17:19:57] Start
INFO [2016-10-21 17:20:33] Start
INFO [2016-10-21 17:23:29] Start
INFO [2016-10-21 17:23:55] Start
INFO [2016-10-21 17:24:23] Start
INFO [2016-10-21 17:25:13] Start
INFO [2016-10-21 17:26:33] Start
INFO [2016-10-21 17:27:36] Start
INFO [2016-10-21 17:28:13] Start
INFO [2016-10-21 17:30:07] Start
INFO [2016-10-21 17:32:45] Start
INFO [2016-10-21 17:33:40] Start
INFO [2016-10-21 17:35:53] Start
INFO [2016-10-21 17:36:26] Start
INFO [2016-10-21 17:41:36] Start
INFO [2016-10-21 17:45:40] Start
INFO [2016-10-21 17:47:15] Start
INFO [2016-10-21 17:47:51] Start
INFO [2016-10-21 17:48:47] Start
INFO [2016-10-22 04:23:57] Start
INFO [2016-10-22 04:24:16] Event Analysis
INFO [2016-10-22 05:10:37] Start
INFO [2016-10-22 05:11:12] Event Integral 2
INFO [2016-10-22 05:12:43] Start
INFO [2016-10-22 05:13:22] Event Integral 2
INFO [2016-10-22 05:32:36] Start
INFO [2016-10-22 05:33:11] Event Integral 2
INFO [2016-10-22 05:33:44] Event Integral 2
INFO [2016-10-22 05:33:53] Event Integral 2
INFO [2016-10-22 05:33:56] Event Integral 2
INFO [2016-10-22 05:35:08] Event Integral 2
INFO [2016-10-22 05:39:15] Start
INFO [2016-10-22 05:39:46] Start
INFO [2016-10-22 05:40:08] Start
INFO [2016-10-22 05:41:07] Start
INFO [2016-10-22 05:42:23] Start
INFO [2016-10-22 05:45:39] Start
INFO [2016-10-22 05:46:19] Start
INFO [2016-10-22 05:47:19] Start
INFO [2016-10-22 05:47:43] Event Integral 2
INFO [2016-10-22 05:49:18] Start
INFO [2016-10-22 05:49:40] Start
INFO [2016-10-22 05:50:08] Start
INFO [2016-10-22 05:50:23] Start
INFO [2016-10-22 05:51:14] Start
INFO [2016-10-22 05:52:12] Start
INFO [2016-10-22 05:58:17] Start
INFO [2016-10-22 05:58:42] Start
INFO [2016-10-22 05:59:00] Start
INFO [2016-10-22 05:59:28] Event Integral 2
INFO [2016-10-22 05:59:28] Event Integral 2
INFO [2016-10-22 05:59:29] Event Integral 2
INFO [2016-10-22 06:03:57] Start
INFO [2016-10-22 06:04:14] Start
INFO [2016-10-22 06:04:57] Start
INFO [2016-10-22 06:06:30] Start
INFO [2016-10-22 06:08:14] Start
INFO [2016-10-22 06:10:39] Start
INFO [2016-10-22 08:41:50] Start
INFO [2016-10-22 08:43:03] Start
INFO [2016-10-22 08:44:57] Start
INFO [2016-10-22 08:45:27] Event Integral 2
INFO [2016-10-22 08:47:13] Start
INFO [2016-10-22 08:47:43] Event Integral 2
INFO [2016-10-22 08:48:44] Start
INFO [2016-10-22 08:49:09] Event Integral 2
INFO [2016-10-22 08:49:56] Start
INFO [2016-10-22 08:50:18] Event Integral 2
INFO [2016-10-22 08:50:31] Event Integral 2
INFO [2016-10-22 08:52:54] Start
INFO [2016-10-22 08:58:39] Start
INFO [2016-10-22 08:59:21] Event Integral 2
INFO [2016-10-22 08:59:31] Event Integral 2
INFO [2016-10-22 08:59:40] Event Integral 2
INFO [2016-10-22 08:59:46] Event Integral 2
INFO [2016-10-22 09:00:30] Event Integral 2
INFO [2016-10-22 09:05:41] Start
INFO [2016-10-22 09:06:10] Event Integral 2
INFO [2016-10-22 09:06:10] DO CENT
INFO [2016-10-22 09:06:10] Centred
INFO [2016-10-22 09:06:20] Event Integral 2
INFO [2016-10-22 09:06:20] DO CENT
INFO [2016-10-22 09:06:20] Centred
INFO [2016-10-22 09:06:30] Event Integral 2
INFO [2016-10-22 09:06:30] DO CENT
INFO [2016-10-22 09:06:30] Centred
INFO [2016-10-22 09:06:42] Event Integral 2
INFO [2016-10-22 09:06:42] DO CENT
INFO [2016-10-22 09:06:42] Centred
INFO [2016-10-22 09:08:41] Start
INFO [2016-10-22 09:09:09] Event Integral 2
INFO [2016-10-22 09:09:09] DO CENT
INFO [2016-10-22 09:09:09] Centred
INFO [2016-10-22 11:27:28] Start
INFO [2016-10-22 11:33:00] Event Integral 2
INFO [2016-10-22 11:33:00] DO CENT
INFO [2016-10-22 11:33:00] Centred
INFO [2016-10-22 11:33:24] Event Integral 2
INFO [2016-10-22 11:33:24] DO CENT
INFO [2016-10-22 11:33:24] Centred
INFO [2016-10-22 11:35:12] Event Integral 2
INFO [2016-10-22 11:35:12] DO CENT
INFO [2016-10-22 11:35:12] Centred
INFO [2016-10-22 11:41:24] Start
INFO [2016-10-22 11:41:47] Event Integral 2
INFO [2016-10-22 11:42:16] Start
INFO [2016-10-22 11:42:46] Event Integral 2
INFO [2016-10-22 11:42:46] DO CENT
INFO [2016-10-22 11:42:46] Centred
INFO [2016-10-22 11:43:03] Event Integral 2
INFO [2016-10-22 11:43:03] DO CENT
INFO [2016-10-22 11:43:03] Centred
INFO [2016-10-22 11:46:35] Start
INFO [2016-10-22 11:47:03] Event Integral 2
INFO [2016-10-22 11:47:03] DO CENT
INFO [2016-10-22 11:47:03] Centred
INFO [2016-10-22 11:47:21] Event Integral 1
INFO [2016-10-22 11:47:21] DO CENT
INFO [2016-10-22 11:47:21] Centred
INFO [2016-10-22 11:48:46] Start
INFO [2016-10-22 11:49:17] Event Integral 2
INFO [2016-10-22 11:49:17] DO CENT
INFO [2016-10-22 11:49:17] Centred
INFO [2016-10-22 11:49:32] Event Integral 1
INFO [2016-10-22 11:49:32] DO CENT
INFO [2016-10-22 11:49:32] Centred
INFO [2016-10-22 11:51:49] Start
INFO [2016-10-22 11:59:52] Start
INFO [2016-10-22 12:32:43] Start
INFO [2016-10-22 12:33:13] Event Analysis
INFO [2016-10-22 12:34:01] Start
INFO [2016-10-22 12:34:22] Event Analysis
INFO [2016-10-22 12:37:24] Start
INFO [2016-10-22 12:37:43] Event Analysis
INFO [2016-10-22 12:39:32] Start
INFO [2016-10-22 12:39:52] Event Analysis
INFO [2016-10-22 12:40:06] Event Analysis
INFO [2016-10-22 12:40:17] Event Analysis
INFO [2016-10-22 12:40:28] Event Analysis
INFO [2016-10-22 12:40:36] Event Analysis
INFO [2016-10-22 12:40:38] Event Analysis
INFO [2016-10-22 12:40:41] Event Analysis
INFO [2016-10-22 12:40:42] Event Analysis
INFO [2016-10-22 12:40:59] Event Analysis
INFO [2016-10-22 12:41:08] Event Analysis
INFO [2016-10-22 12:41:14] Event Analysis
INFO [2016-10-22 12:41:27] Event Analysis
INFO [2016-10-22 12:41:32] Event Analysis
INFO [2016-10-22 12:41:44] Event Analysis
INFO [2016-10-22 12:41:51] Event Analysis
INFO [2016-10-22 12:41:57] Event Analysis
INFO [2016-10-22 12:44:47] Start
INFO [2016-10-22 12:45:01] Event Analysis
INFO [2016-10-22 12:45:10] Event Analysis
INFO [2016-10-22 12:45:19] Event Analysis
INFO [2016-10-22 12:45:19] ZZZ
INFO [2016-10-22 12:46:55] Start
INFO [2016-10-22 12:47:21] Event Analysis
INFO [2016-10-22 12:47:21] ZZZ
INFO [2016-10-22 12:47:23] Event Analysis
INFO [2016-10-22 12:47:23] ZZZ
INFO [2016-10-22 12:47:23] Event Analysis
INFO [2016-10-22 12:47:23] ZZZ
INFO [2016-10-22 12:47:23] Event Analysis
INFO [2016-10-22 12:47:23] ZZZ
INFO [2016-10-22 12:47:24] Event Analysis
INFO [2016-10-22 12:47:24] ZZZ
INFO [2016-10-22 12:49:30] Start
INFO [2016-10-22 12:49:51] Event Analysis
INFO [2016-10-22 12:50:11] Event Analysis
INFO [2016-10-22 12:52:36] Start
INFO [2016-10-22 12:53:00] Event Analysis
INFO [2016-10-22 12:53:09] Event Analysis
INFO [2016-10-22 12:58:45] Start
INFO [2016-10-22 12:59:11] Event Analysis
INFO [2016-10-22 13:22:52] Start
INFO [2016-10-22 13:23:06] Event Analysis
INFO [2016-10-22 13:23:18] Event Analysis
INFO [2016-10-22 13:23:18] Event Analysis
INFO [2016-10-22 13:23:19] Event Analysis
INFO [2016-10-22 13:23:21] Event Analysis
INFO [2016-10-22 13:23:25] Event Analysis
INFO [2016-10-22 13:23:33] Event Analysis
INFO [2016-10-22 13:23:34] Event Analysis
INFO [2016-10-22 13:27:13] Start
INFO [2016-10-22 13:27:29] Event Analysis
INFO [2016-10-22 13:28:13] Start
INFO [2016-10-22 13:28:30] Event Analysis
INFO [2016-10-22 13:28:45] Start
INFO [2016-10-22 13:28:57] Event Analysis
INFO [2016-10-22 13:29:55] Start
INFO [2016-10-22 13:30:08] Event Analysis
INFO [2016-10-22 13:30:16] Event Analysis
INFO [2016-10-22 13:30:20] Event Analysis
INFO [2016-10-22 13:30:27] Event Analysis
INFO [2016-10-22 13:30:38] Event Analysis
INFO [2016-10-22 13:31:43] Start
INFO [2016-10-22 13:32:02] Event Analysis
INFO [2016-10-22 13:32:03] Event Analysis
INFO [2016-10-22 13:32:04] Event Analysis
INFO [2016-10-22 13:32:26] Start
INFO [2016-10-22 13:32:45] Event Analysis
INFO [2016-10-22 13:33:46] Start
INFO [2016-10-22 13:34:02] Event Analysis
INFO [2016-10-22 13:34:10] Event Analysis
INFO [2016-10-22 13:34:22] Event Analysis
INFO [2016-10-22 13:35:02] Event Analysis
INFO [2016-10-22 13:35:14] Event Analysis
INFO [2016-10-22 13:35:20] Event Analysis
INFO [2016-10-22 13:35:46] Event Analysis
INFO [2016-10-22 13:35:49] Event Analysis
INFO [2016-10-22 13:35:53] Event Analysis
INFO [2016-10-22 13:35:55] Event Analysis
INFO [2016-10-22 13:36:05] Event Analysis
INFO [2016-10-22 13:36:07] Event Analysis
INFO [2016-10-22 13:36:12] Event Analysis
INFO [2016-10-22 13:36:17] Event Analysis
INFO [2016-10-22 13:36:17] Event Analysis
INFO [2016-10-22 13:36:25] Event Analysis
INFO [2016-10-22 13:36:26] Event Analysis
INFO [2016-10-22 13:36:26] Event Analysis
INFO [2016-10-22 13:36:26] Event Analysis
INFO [2016-10-22 13:36:37] Start
INFO [2016-10-22 13:37:02] Event Analysis
INFO [2016-10-22 13:37:08] Event Analysis
INFO [2016-10-22 13:37:13] Event Analysis
INFO [2016-10-22 13:37:21] Event Analysis
INFO [2016-10-22 13:37:27] Event Analysis
INFO [2016-10-22 13:37:29] Event Analysis
INFO [2016-10-22 13:37:30] Event Analysis
INFO [2016-10-22 13:37:30] Event Analysis
INFO [2016-10-22 13:37:40] Event Analysis
INFO [2016-10-22 13:37:47] Event Analysis
INFO [2016-10-22 13:37:50] Event Analysis
INFO [2016-10-22 13:37:55] Event Analysis
INFO [2016-10-22 13:38:00] Event Analysis
INFO [2016-10-22 13:38:01] Event Analysis
INFO [2016-10-22 13:38:01] Event Analysis
INFO [2016-10-22 13:38:02] Event Analysis
INFO [2016-10-22 13:38:13] Event Analysis
INFO [2016-10-22 13:38:28] Event Analysis
INFO [2016-10-22 13:38:44] Event Analysis
INFO [2016-10-22 13:38:48] Event Analysis
INFO [2016-10-22 13:38:53] Event Analysis
INFO [2016-10-22 13:39:01] Event Analysis
INFO [2016-10-22 13:39:13] Event Analysis
INFO [2016-10-22 13:39:17] Event Analysis
INFO [2016-10-22 13:39:17] Event Analysis
INFO [2016-10-22 13:39:18] Event Analysis
INFO [2016-10-22 13:39:19] Event Analysis
INFO [2016-10-22 13:39:19] Event Analysis
INFO [2016-10-22 13:39:20] Event Analysis
INFO [2016-10-22 13:39:20] Event Analysis
INFO [2016-10-22 13:39:20] Event Analysis
INFO [2016-10-22 13:39:26] Event Analysis
INFO [2016-10-22 13:39:34] Event Analysis
INFO [2016-10-22 13:39:48] Event Analysis
INFO [2016-10-22 13:39:50] Event Analysis
INFO [2016-10-22 13:39:50] Event Analysis
INFO [2016-10-22 13:39:50] Event Analysis
INFO [2016-10-22 13:39:51] Event Analysis
INFO [2016-10-22 13:40:04] Event Analysis
INFO [2016-10-22 13:40:06] Event Analysis
INFO [2016-10-22 13:40:07] Event Analysis
INFO [2016-10-22 13:40:07] Event Analysis
INFO [2016-10-22 13:40:18] Event Analysis
INFO [2016-10-22 13:40:19] Event Analysis
INFO [2016-10-22 13:40:23] Event Analysis
INFO [2016-10-22 13:40:23] Event Analysis
INFO [2016-10-22 13:40:24] Event Analysis
INFO [2016-10-22 13:40:24] Event Analysis
INFO [2016-10-22 13:40:25] Event Analysis
INFO [2016-10-22 13:40:25] Event Analysis
INFO [2016-10-22 13:40:25] Event Analysis
INFO [2016-10-22 13:40:26] Event Analysis
INFO [2016-10-22 13:40:26] Event Analysis
INFO [2016-10-22 13:40:26] Event Analysis
INFO [2016-10-22 13:41:20] Start
INFO [2016-10-22 13:41:50] Start
INFO [2016-10-22 13:42:11] Start
INFO [2016-10-22 13:42:30] Event Analysis
INFO [2016-10-22 13:42:50] Start
INFO [2016-10-22 13:43:07] Event Analysis
INFO [2016-10-22 13:46:02] Start
INFO [2016-10-22 13:46:16] Event Analysis
INFO [2016-10-22 13:46:58] Start
INFO [2016-10-22 13:47:16] Event Analysis
INFO [2016-10-22 13:47:29] Event Analysis
INFO [2016-10-22 13:48:05] Start
INFO [2016-10-22 13:48:20] Event Analysis
INFO [2016-10-22 13:53:05] Start
INFO [2016-10-22 13:53:21] Event Analysis
INFO [2016-10-22 13:56:05] Start
INFO [2016-10-22 13:56:21] Event Analysis
INFO [2016-10-22 13:56:30] Event Analysis
INFO [2016-10-22 13:56:48] Event Analysis
INFO [2016-10-22 13:56:56] Event Analysis
